/*C64*/SET SCHEMA PUBLIC
CONNECT USER SA
/*C65*/SET SCHEMA PUBLIC
CONNECT USER SA
/*C64*/DISCONNECT
/*C65*/DISCONNECT
/*C66*/SET SCHEMA PUBLIC
CONNECT USER SA
DISCONNECT
/*C67*/SET SCHEMA PUBLIC
CONNECT USER SA
/*C68*/SET SCHEMA PUBLIC
CONNECT USER SA
/*C69*/SET SCHEMA PUBLIC
CONNECT USER SA
DISCONNECT
/*C68*/DISCONNECT
/*C67*/DISCONNECT
/*C70*/SET SCHEMA PUBLIC
CONNECT USER SA
DISCONNECT
/*C71*/SET SCHEMA PUBLIC
CONNECT USER SA
/*C72*/SET SCHEMA PUBLIC
CONNECT USER SA
/*C71*/DISCONNECT
/*C73*/SET SCHEMA PUBLIC
CONNECT USER SA
DISCONNECT
/*C72*/INSERT INTO USUARIO VALUES('Rafael Silva','RAFAELSDS','123','A')
/*C74*/SET SCHEMA PUBLIC
CONNECT USER SA
/*C75*/SET SCHEMA PUBLIC
CONNECT USER SA
/*C76*/SET SCHEMA PUBLIC
CONNECT USER SA
/*C74*/DISCONNECT
/*C75*/DISCONNECT
/*C76*/DISCONNECT
/*C77*/SET SCHEMA PUBLIC
CONNECT USER SA
/*C78*/SET SCHEMA PUBLIC
CONNECT USER SA
/*C77*/DISCONNECT
/*C78*/DISCONNECT
/*C79*/SET SCHEMA PUBLIC
CONNECT USER SA
DISCONNECT
/*C80*/SET SCHEMA PUBLIC
CONNECT USER SA
DISCONNECT
/*C81*/SET SCHEMA PUBLIC
CONNECT USER SA
DISCONNECT
/*C82*/SET SCHEMA PUBLIC
CONNECT USER SA
DISCONNECT
/*C83*/SET SCHEMA PUBLIC
CONNECT USER SA
DISCONNECT
/*C72*/DISCONNECT
